Watching for file changes with StatReloader
Not Found: /sale/1/
Watching for file changes with StatReloader
Not Found: /sale/1/
Watching for file changes with StatReloader
Not Found: /sale/1/
Not Found: /sale/1/
Watching for file changes with StatReloader
Received date parameter: 2023-06-16
Filtered orders: <QuerySet [<CorSubmit: CorSubmit object (14)>, <CorSubmit: CorSubmit object (15)>]>
Watching for file changes with StatReloader
Received date parameter: 2023-06-16
Filtered orders: <QuerySet [<CorSubmit: CorSubmit object (14)>, <CorSubmit: CorSubmit object (15)>]>
Received date parameter: 2023-06-16
Filtered orders: <QuerySet [<CorSubmit: CorSubmit object (14)>, <CorSubmit: CorSubmit object (15)>]>
Watching for file changes with StatReloader
Received date parameter: 2023-06-16
Filtered orders: <QuerySet [<CorSubmit: CorSubmit object (14)>, <CorSubmit: CorSubmit object (15)>]>
Received date parameter: 2023-06-16
Filtered orders: <QuerySet [<CorSubmit: CorSubmit object (14)>, <CorSubmit: CorSubmit object (15)>]>
Received date parameter: 2023-06-16
Filtered orders: <QuerySet [<CorSubmit: CorSubmit object (14)>, <CorSubmit: CorSubmit object (15)>]>
Received date parameter: 2023-06-02
Filtered orders: <QuerySet []>
Received date parameter: 2023-06-16
Filtered orders: <QuerySet [<CorSubmit: CorSubmit object (14)>, <CorSubmit: CorSubmit object (15)>]>
Received date parameter: 2023-06-16
Filtered orders: <QuerySet [<CorSubmit: CorSubmit object (14)>, <CorSubmit: CorSubmit object (15)>]>
Received date parameter: 2023-06-16
Filtered orders: <QuerySet [<CorSubmit: CorSubmit object (14)>, <CorSubmit: CorSubmit object (15)>]>
Received date parameter: 2023-06-16?date=2023-06-16
Received date parameter: 2023-06-16?date=2023-06-16
Received date parameter: 2023-06-16
Filtered orders: <QuerySet [<CorSubmit: CorSubmit object (14)>, <CorSubmit: CorSubmit object (15)>]>
Received date parameter: 2023-06-16
Filtered orders: <QuerySet [<CorSubmit: CorSubmit object (14)>, <CorSubmit: CorSubmit object (15)>]>
Received date parameter: 2023-06-16
Filtered orders: <QuerySet [<CorSubmit: CorSubmit object (14)>, <CorSubmit: CorSubmit object (15)>]>
Received date parameter: 2023-06-16
Filtered orders: <QuerySet [<CorSubmit: CorSubmit object (14)>, <CorSubmit: CorSubmit object (15)>]>
Received date parameter: 2023-06-16
Filtered orders: <QuerySet [<CorSubmit: CorSubmit object (14)>, <CorSubmit: CorSubmit object (15)>]>
Received date parameter: 2023-06-16
Filtered orders: <QuerySet [<CorSubmit: CorSubmit object (14)>, <CorSubmit: CorSubmit object (15)>]>
Received date parameter: 2023-06-16?date=2023-06-16
Received date parameter: 2023-06-16?date=2023-06-16
Received date parameter: 2023-06-16?date=2023-06-16
Received date parameter: 2023-06-16
Filtered orders: <QuerySet [<CorSubmit: CorSubmit object (14)>, <CorSubmit: CorSubmit object (15)>]>
Received date parameter: 2023-06-16
Filtered orders: <QuerySet [<CorSubmit: CorSubmit object (14)>, <CorSubmit: CorSubmit object (15)>]>
Received date parameter: 2023-06-16
Filtered orders: <QuerySet [<CorSubmit: CorSubmit object (14)>, <CorSubmit: CorSubmit object (15)>]>
Received date parameter: 2023-06-16
Filtered orders: <QuerySet [<CorSubmit: CorSubmit object (14)>, <CorSubmit: CorSubmit object (15)>]>
Received date parameter: 2023-06-16
Filtered orders: <QuerySet [<CorSubmit: CorSubmit object (14)>, <CorSubmit: CorSubmit object (15)>]>
Received date parameter: 2023-06-16
Filtered orders: <QuerySet [<CorSubmit: CorSubmit object (14)>, <CorSubmit: CorSubmit object (15)>]>
Received date parameter: 2023-06-16
Filtered orders: <QuerySet [<CorSubmit: CorSubmit object (14)>, <CorSubmit: CorSubmit object (15)>]>
Received date parameter: 2023-06-16
Filtered orders: <QuerySet [<CorSubmit: CorSubmit object (14)>, <CorSubmit: CorSubmit object (15)>]>
Received date parameter: 2023-06-16?date=2023-06-16
Received date parameter: 2023-06-16
Filtered orders: <QuerySet [<CorSubmit: CorSubmit object (14)>, <CorSubmit: CorSubmit object (15)>]>
Received date parameter: 2023-06-16
Filtered orders: <QuerySet [<CorSubmit: CorSubmit object (14)>, <CorSubmit: CorSubmit object (15)>]>
Received date parameter: 2023-06-16
Filtered orders: <QuerySet [<CorSubmit: CorSubmit object (14)>, <CorSubmit: CorSubmit object (15)>]>
Received date parameter: 2023-06-16
Filtered orders: <QuerySet [<CorSubmit: CorSubmit object (14)>, <CorSubmit: CorSubmit object (15)>]>
Watching for file changes with StatReloader
Watching for file changes with StatReloader
Watching for file changes with StatReloader
Watching for file changes with StatReloader
Watching for file changes with StatReloader
Watching for file changes with StatReloader
Watching for file changes with StatReloader
Not Found: /favicon.ico
Watching for file changes with StatReloader
Watching for file changes with StatReloader
Watching for file changes with StatReloader
Watching for file changes with StatReloader
Watching for file changes with StatReloader
Watching for file changes with StatReloader
Internal Server Error: /statistics
Traceback (most recent call last):
  File "E:\anaconda\envs\CWMS\Lib\site-packages\django\core\handlers\exception.py", line 47, in inner
    response = get_response(request)
               ^^^^^^^^^^^^^^^^^^^^^
  File "E:\anaconda\envs\CWMS\Lib\site-packages\django\core\handlers\base.py", line 181, in _get_response
    response = wrapped_callback(request, *callback_args, **callback_kwargs)
               ^^^^^^^^^^^^^^^^^^^^^^^^^^^^^^^^^^^^^^^^^^^^^^^^^^^^^^^^^^^^
  File "E:\CWMS\CWMS\myweb\views\index.py", line 91, in statistics
    sales_json = json.dumps(sales)
                 ^^^^^^^^^^^^^^^^^
  File "E:\anaconda\envs\CWMS\Lib\json\__init__.py", line 231, in dumps
    return _default_encoder.encode(obj)
           ^^^^^^^^^^^^^^^^^^^^^^^^^^^^
  File "E:\anaconda\envs\CWMS\Lib\json\encoder.py", line 200, in encode
    chunks = self.iterencode(o, _one_shot=True)
             ^^^^^^^^^^^^^^^^^^^^^^^^^^^^^^^^^^
  File "E:\anaconda\envs\CWMS\Lib\json\encoder.py", line 258, in iterencode
    return _iterencode(o, 0)
           ^^^^^^^^^^^^^^^^^
  File "E:\anaconda\envs\CWMS\Lib\json\encoder.py", line 180, in default
    raise TypeError(f'Object of type {o.__class__.__name__} '
TypeError: Object of type Decimal is not JSON serializable
Watching for file changes with StatReloader
Watching for file changes with StatReloader
Internal Server Error: /statistics
Traceback (most recent call last):
  File "E:\anaconda\envs\CWMS\Lib\site-packages\django\core\handlers\exception.py", line 47, in inner
    response = get_response(request)
               ^^^^^^^^^^^^^^^^^^^^^
  File "E:\anaconda\envs\CWMS\Lib\site-packages\django\core\handlers\base.py", line 181, in _get_response
    response = wrapped_callback(request, *callback_args, **callback_kwargs)
               ^^^^^^^^^^^^^^^^^^^^^^^^^^^^^^^^^^^^^^^^^^^^^^^^^^^^^^^^^^^^
  File "E:\CWMS\CWMS\myweb\views\index.py", line 95, in statistics
    if sale['commodity__name'] == order.commodity.name:
                                  ^^^^^^^^^^^^^^^
AttributeError: 'Orders' object has no attribute 'commodity'
Internal Server Error: /statistics
Traceback (most recent call last):
  File "E:\anaconda\envs\CWMS\Lib\site-packages\django\core\handlers\exception.py", line 47, in inner
    response = get_response(request)
               ^^^^^^^^^^^^^^^^^^^^^
  File "E:\anaconda\envs\CWMS\Lib\site-packages\django\core\handlers\base.py", line 181, in _get_response
    response = wrapped_callback(request, *callback_args, **callback_kwargs)
               ^^^^^^^^^^^^^^^^^^^^^^^^^^^^^^^^^^^^^^^^^^^^^^^^^^^^^^^^^^^^
  File "E:\CWMS\CWMS\myweb\views\index.py", line 95, in statistics
    # 初始化数据字典
              
AttributeError: 'Orders' object has no attribute 'commodity'
Watching for file changes with StatReloader
Watching for file changes with StatReloader
Watching for file changes with StatReloader
Watching for file changes with StatReloader
Watching for file changes with StatReloader
Internal Server Error: /statistics
Traceback (most recent call last):
  File "E:\anaconda\envs\CWMS\Lib\site-packages\django\core\handlers\exception.py", line 47, in inner
    response = get_response(request)
               ^^^^^^^^^^^^^^^^^^^^^
  File "E:\anaconda\envs\CWMS\Lib\site-packages\django\core\handlers\base.py", line 181, in _get_response
    response = wrapped_callback(request, *callback_args, **callback_kwargs)
               ^^^^^^^^^^^^^^^^^^^^^^^^^^^^^^^^^^^^^^^^^^^^^^^^^^^^^^^^^^^^
  File "E:\CWMS\CWMS\myweb\views\index.py", line 93, in statistics
    date_str = sale['date'].strftime('%Y-%m-%d')
               ^^^^^^^^^^^^^^^^^^^^^
AttributeError: 'NoneType' object has no attribute 'strftime'
Watching for file changes with StatReloader
Internal Server Error: /statistics
Traceback (most recent call last):
  File "E:\anaconda\envs\CWMS\Lib\site-packages\django\core\handlers\exception.py", line 47, in inner
    response = get_response(request)
               ^^^^^^^^^^^^^^^^^^^^^
  File "E:\anaconda\envs\CWMS\Lib\site-packages\django\core\handlers\base.py", line 181, in _get_response
    response = wrapped_callback(request, *callback_args, **callback_kwargs)
               ^^^^^^^^^^^^^^^^^^^^^^^^^^^^^^^^^^^^^^^^^^^^^^^^^^^^^^^^^^^^
  File "E:\CWMS\CWMS\myweb\views\index.py", line 93, in statistics
    date_str = sale['date'].date()
               ^^^^^^^^^^^^^^^^^
AttributeError: 'NoneType' object has no attribute 'date'
Watching for file changes with StatReloader
Watching for file changes with StatReloader
Watching for file changes with StatReloader
Watching for file changes with StatReloader
Internal Server Error: /statistics
Traceback (most recent call last):
  File "E:\anaconda\envs\CWMS\Lib\site-packages\django\core\handlers\exception.py", line 47, in inner
    response = get_response(request)
               ^^^^^^^^^^^^^^^^^^^^^
  File "E:\anaconda\envs\CWMS\Lib\site-packages\django\core\handlers\base.py", line 181, in _get_response
    response = wrapped_callback(request, *callback_args, **callback_kwargs)
               ^^^^^^^^^^^^^^^^^^^^^^^^^^^^^^^^^^^^^^^^^^^^^^^^^^^^^^^^^^^^
  File "E:\CWMS\CWMS\myweb\views\index.py", line 114, in statistics
    pie_data_list_json = json.dumps(pie_data_list)
                         ^^^^^^^^^^^^^^^^^^^^^^^^^
  File "E:\anaconda\envs\CWMS\Lib\json\__init__.py", line 231, in dumps
    return _default_encoder.encode(obj)
           ^^^^^^^^^^^^^^^^^^^^^^^^^^^^
  File "E:\anaconda\envs\CWMS\Lib\json\encoder.py", line 200, in encode
    chunks = self.iterencode(o, _one_shot=True)
             ^^^^^^^^^^^^^^^^^^^^^^^^^^^^^^^^^^
  File "E:\anaconda\envs\CWMS\Lib\json\encoder.py", line 258, in iterencode
    return _iterencode(o, 0)
           ^^^^^^^^^^^^^^^^^
  File "E:\anaconda\envs\CWMS\Lib\json\encoder.py", line 180, in default
    raise TypeError(f'Object of type {o.__class__.__name__} '
TypeError: Object of type Decimal is not JSON serializable
Watching for file changes with StatReloader
Watching for file changes with StatReloader
Watching for file changes with StatReloader
Watching for file changes with StatReloader
Watching for file changes with StatReloader
Watching for file changes with StatReloader
Watching for file changes with StatReloader
Watching for file changes with StatReloader
Watching for file changes with StatReloader
Watching for file changes with StatReloader
Not Found: /favicon.ico
Watching for file changes with StatReloader
Watching for file changes with StatReloader
Not Found: /favicon.ico
Watching for file changes with StatReloader
Not Found: /favicon.ico
Not Found: /favicon.ico
Watching for file changes with StatReloader
Not Found: /employee/edit/index2.html
Not Found: /employee/edit/index2.html
Not Found: /employee/edit/index2.html
Watching for file changes with StatReloader
Watching for file changes with StatReloader
Watching for file changes with StatReloader
Internal Server Error: /addorder/1
Traceback (most recent call last):
  File "E:\anaconda\envs\CWMS\Lib\site-packages\django\template\base.py", line 470, in parse
    compile_func = self.tags[command]
                   ~~~~~~~~~^^^^^^^^^
KeyError: 'else'

During handling of the above exception, another exception occurred:

Traceback (most recent call last):
  File "E:\anaconda\envs\CWMS\Lib\site-packages\django\core\handlers\exception.py", line 47, in inner
    response = get_response(request)
               ^^^^^^^^^^^^^^^^^^^^^
  File "E:\anaconda\envs\CWMS\Lib\site-packages\django\core\handlers\base.py", line 181, in _get_response
    response = wrapped_callback(request, *callback_args, **callback_kwargs)
               ^^^^^^^^^^^^^^^^^^^^^^^^^^^^^^^^^^^^^^^^^^^^^^^^^^^^^^^^^^^^
  File "E:\CWMS\CWMS\myweb\views\addorder.py", line 59, in index
    return render(request, 'orders/addorder.html', context)
           ^^^^^^^^^^^^^^^^^^^^^^^^^^^^^^^^^^^^^^^^^^^^^^^^
  File "E:\anaconda\envs\CWMS\Lib\site-packages\django\shortcuts.py", line 19, in render
    content = loader.render_to_string(template_name, context, request, using=using)
              ^^^^^^^^^^^^^^^^^^^^^^^^^^^^^^^^^^^^^^^^^^^^^^^^^^^^^^^^^^^^^^^^^^^^^
  File "E:\anaconda\envs\CWMS\Lib\site-packages\django\template\loader.py", line 61, in render_to_string
    template = get_template(template_name, using=using)
               ^^^^^^^^^^^^^^^^^^^^^^^^^^^^^^^^^^^^^^^^
  File "E:\anaconda\envs\CWMS\Lib\site-packages\django\template\loader.py", line 15, in get_template
    return engine.get_template(template_name)
           ^^^^^^^^^^^^^^^^^^^^^^^^^^^^^^^^^^
  File "E:\anaconda\envs\CWMS\Lib\site-packages\django\template\backends\django.py", line 34, in get_template
    return Template(self.engine.get_template(template_name), self)
                    ^^^^^^^^^^^^^^^^^^^^^^^^^^^^^^^^^^^^^^^
  File "E:\anaconda\envs\CWMS\Lib\site-packages\django\template\engine.py", line 143, in get_template
    template, origin = self.find_template(template_name)
                       ^^^^^^^^^^^^^^^^^^^^^^^^^^^^^^^^^
  File "E:\anaconda\envs\CWMS\Lib\site-packages\django\template\engine.py", line 125, in find_template
    template = loader.get_template(name, skip=skip)
               ^^^^^^^^^^^^^^^^^^^^^^^^^^^^^^^^^^^^
  File "E:\anaconda\envs\CWMS\Lib\site-packages\django\template\loaders\base.py", line 29, in get_template
    return Template(
           ^^^^^^^^^
  File "E:\anaconda\envs\CWMS\Lib\site-packages\django\template\base.py", line 155, in __init__
    self.nodelist = self.compile_nodelist()
                    ^^^^^^^^^^^^^^^^^^^^^^^
  File "E:\anaconda\envs\CWMS\Lib\site-packages\django\template\base.py", line 193, in compile_nodelist
    return parser.parse()
           ^^^^^^^^^^^^^^
  File "E:\anaconda\envs\CWMS\Lib\site-packages\django\template\base.py", line 478, in parse
    raise self.error(token, e)
  File "E:\anaconda\envs\CWMS\Lib\site-packages\django\template\base.py", line 476, in parse
    compiled_result = compile_func(self, token)
                      ^^^^^^^^^^^^^^^^^^^^^^^^^
  File "E:\anaconda\envs\CWMS\Lib\site-packages\django\template\loader_tags.py", line 278, in do_extends
    nodelist = parser.parse()
               ^^^^^^^^^^^^^^
  File "E:\anaconda\envs\CWMS\Lib\site-packages\django\template\base.py", line 478, in parse
    raise self.error(token, e)
  File "E:\anaconda\envs\CWMS\Lib\site-packages\django\template\base.py", line 476, in parse
    compiled_result = compile_func(self, token)
                      ^^^^^^^^^^^^^^^^^^^^^^^^^
  File "E:\anaconda\envs\CWMS\Lib\site-packages\django\template\loader_tags.py", line 216, in do_block
    nodelist = parser.parse(('endblock',))
               ^^^^^^^^^^^^^^^^^^^^^^^^^^^
  File "E:\anaconda\envs\CWMS\Lib\site-packages\django\template\base.py", line 472, in parse
    self.invalid_block_tag(token, command, parse_until)
  File "E:\anaconda\envs\CWMS\Lib\site-packages\django\template\base.py", line 522, in invalid_block_tag
    raise self.error(
django.template.exceptions.TemplateSyntaxError: Invalid block tag on line 60: 'else', expected 'endblock'. Did you forget to register or load this tag?
Internal Server Error: /addorder/1
Traceback (most recent call last):
  File "E:\anaconda\envs\CWMS\Lib\site-packages\django\template\base.py", line 470, in parse
    compile_func = self.tags[command]
                   ~~~~~~~~~^^^^^^^^^
KeyError: 'else'

During handling of the above exception, another exception occurred:

Traceback (most recent call last):
  File "E:\anaconda\envs\CWMS\Lib\site-packages\django\core\handlers\exception.py", line 47, in inner
    response = get_response(request)
               ^^^^^^^^^^^^^^^^^^^^^
  File "E:\anaconda\envs\CWMS\Lib\site-packages\django\core\handlers\base.py", line 181, in _get_response
    response = wrapped_callback(request, *callback_args, **callback_kwargs)
               ^^^^^^^^^^^^^^^^^^^^^^^^^^^^^^^^^^^^^^^^^^^^^^^^^^^^^^^^^^^^
  File "E:\CWMS\CWMS\myweb\views\addorder.py", line 59, in index
    return render(request, 'orders/addorder.html', context)
           ^^^^^^^^^^^^^^^^^^^^^^^^^^^^^^^^^^^^^^^^^^^^^^^^
  File "E:\anaconda\envs\CWMS\Lib\site-packages\django\shortcuts.py", line 19, in render
    content = loader.render_to_string(template_name, context, request, using=using)
              ^^^^^^^^^^^^^^^^^^^^^^^^^^^^^^^^^^^^^^^^^^^^^^^^^^^^^^^^^^^^^^^^^^^^^
  File "E:\anaconda\envs\CWMS\Lib\site-packages\django\template\loader.py", line 61, in render_to_string
    template = get_template(template_name, using=using)
               ^^^^^^^^^^^^^^^^^^^^^^^^^^^^^^^^^^^^^^^^
  File "E:\anaconda\envs\CWMS\Lib\site-packages\django\template\loader.py", line 15, in get_template
    return engine.get_template(template_name)
           ^^^^^^^^^^^^^^^^^^^^^^^^^^^^^^^^^^
  File "E:\anaconda\envs\CWMS\Lib\site-packages\django\template\backends\django.py", line 34, in get_template
    return Template(self.engine.get_template(template_name), self)
                    ^^^^^^^^^^^^^^^^^^^^^^^^^^^^^^^^^^^^^^^
  File "E:\anaconda\envs\CWMS\Lib\site-packages\django\template\engine.py", line 143, in get_template
    template, origin = self.find_template(template_name)
                       ^^^^^^^^^^^^^^^^^^^^^^^^^^^^^^^^^
  File "E:\anaconda\envs\CWMS\Lib\site-packages\django\template\engine.py", line 125, in find_template
    template = loader.get_template(name, skip=skip)
               ^^^^^^^^^^^^^^^^^^^^^^^^^^^^^^^^^^^^
  File "E:\anaconda\envs\CWMS\Lib\site-packages\django\template\loaders\base.py", line 29, in get_template
    return Template(
           ^^^^^^^^^
  File "E:\anaconda\envs\CWMS\Lib\site-packages\django\template\base.py", line 155, in __init__
    self.nodelist = self.compile_nodelist()
                    ^^^^^^^^^^^^^^^^^^^^^^^
  File "E:\anaconda\envs\CWMS\Lib\site-packages\django\template\base.py", line 193, in compile_nodelist
    return parser.parse()
           ^^^^^^^^^^^^^^
  File "E:\anaconda\envs\CWMS\Lib\site-packages\django\template\base.py", line 478, in parse
    raise self.error(token, e)
  File "E:\anaconda\envs\CWMS\Lib\site-packages\django\template\base.py", line 476, in parse
    compiled_result = compile_func(self, token)
                      ^^^^^^^^^^^^^^^^^^^^^^^^^
  File "E:\anaconda\envs\CWMS\Lib\site-packages\django\template\loader_tags.py", line 278, in do_extends
    nodelist = parser.parse()
               ^^^^^^^^^^^^^^
  File "E:\anaconda\envs\CWMS\Lib\site-packages\django\template\base.py", line 478, in parse
    raise self.error(token, e)
  File "E:\anaconda\envs\CWMS\Lib\site-packages\django\template\base.py", line 476, in parse
    compiled_result = compile_func(self, token)
                      ^^^^^^^^^^^^^^^^^^^^^^^^^
  File "E:\anaconda\envs\CWMS\Lib\site-packages\django\template\loader_tags.py", line 216, in do_block
    nodelist = parser.parse(('endblock',))
               ^^^^^^^^^^^^^^^^^^^^^^^^^^^
  File "E:\anaconda\envs\CWMS\Lib\site-packages\django\template\base.py", line 472, in parse
    self.invalid_block_tag(token, command, parse_until)
  File "E:\anaconda\envs\CWMS\Lib\site-packages\django\template\base.py", line 522, in invalid_block_tag
    raise self.error(
django.template.exceptions.TemplateSyntaxError: Invalid block tag on line 60: 'else', expected 'endblock'. Did you forget to register or load this tag?
Watching for file changes with StatReloader
Not Found: /index2.html
Watching for file changes with StatReloader
Watching for file changes with StatReloader
Watching for file changes with StatReloader
Watching for file changes with StatReloader
Not Found: /ini/ini
Not Found: /info
Watching for file changes with StatReloader
Not Found: /favicon.ico
Watching for file changes with StatReloader
Watching for file changes with StatReloader
Watching for file changes with StatReloader
Watching for file changes with StatReloader
Internal Server Error: /suppliers/1
Traceback (most recent call last):
  File "E:\anaconda\envs\CWMS\Lib\site-packages\django\core\handlers\exception.py", line 47, in inner
    response = get_response(request)
               ^^^^^^^^^^^^^^^^^^^^^
  File "E:\anaconda\envs\CWMS\Lib\site-packages\django\core\handlers\base.py", line 181, in _get_response
    response = wrapped_callback(request, *callback_args, **callback_kwargs)
               ^^^^^^^^^^^^^^^^^^^^^^^^^^^^^^^^^^^^^^^^^^^^^^^^^^^^^^^^^^^^
  File "E:\CWMS\CWMS\myweb\views\suppliers.py", line 47, in index
    context= {"Corporationlist":list2, 'plist':plist, 'pIndex':pIndex, 'maxpages':maxpages, 'mywhere':mywhere}
                                                                                                      ^^^^^^^
NameError: name 'mywhere' is not defined
Watching for file changes with StatReloader
Watching for file changes with StatReloader
Watching for file changes with StatReloader
Watching for file changes with StatReloader
Watching for file changes with StatReloader
Watching for file changes with StatReloader
Watching for file changes with StatReloader
Watching for file changes with StatReloader
Watching for file changes with StatReloader
Watching for file changes with StatReloader
Watching for file changes with StatReloader
Watching for file changes with StatReloader
Watching for file changes with StatReloader
Watching for file changes with StatReloader
Watching for file changes with StatReloader
Not Found: /favicon.ico
Watching for file changes with StatReloader
Watching for file changes with StatReloader
Watching for file changes with StatReloader
Watching for file changes with StatReloader
Watching for file changes with StatReloader
Watching for file changes with StatReloader
Watching for file changes with StatReloader
Watching for file changes with StatReloader
Not Found: /favicon.ico
Watching for file changes with StatReloader
Watching for file changes with StatReloader
Watching for file changes with StatReloader
